TN:
SF:src/modules/appointments/services/CreateAppointmentService.ts
FN:11,(anonymous_18)
FN:12,CreateAppointmentService
FN:17,(anonymous_20)
FNF:3
FNH:3
FNDA:1,(anonymous_18)
FNDA:2,CreateAppointmentService
FNDA:3,(anonymous_20)
DA:1,1
DA:2,1
DA:3,1
DA:11,1
DA:14,2
DA:17,3
DA:18,3
DA:20,3
DA:24,3
DA:25,1
DA:28,2
DA:33,2
DA:35,1
DA:37,1
LF:14
LH:14
BRDA:24,0,0,1
BRDA:24,0,1,2
BRF:2
BRH:2
end_of_record
TN:
SF:src/modules/users/services/AuthenticateUserService.ts
FN:21,(anonymous_18)
FN:22,AuthenticateUserService
FN:29,(anonymous_20)
FNF:3
FNH:3
FNDA:1,(anonymous_18)
FNDA:3,AuthenticateUserService
FNDA:3,(anonymous_20)
DA:2,1
DA:3,1
DA:4,1
DA:6,1
DA:21,1
DA:24,3
DA:27,3
DA:29,3
DA:30,3
DA:32,3
DA:33,1
DA:36,2
DA:37,2
DA:38,1
DA:41,1
DA:43,1
DA:48,1
DA:53,1
DA:55,1
LF:19
LH:19
BRDA:30,0,0,3
BRDA:32,1,0,1
BRDA:32,1,1,2
BRDA:37,2,0,1
BRDA:37,2,1,1
BRF:5
BRH:5
end_of_record
TN:
SF:src/modules/users/services/CreateUserService.ts
FN:17,(anonymous_18)
FN:18,CreateUserService
FN:26,(anonymous_20)
FNF:3
FNH:3
FNDA:1,(anonymous_18)
FNDA:2,CreateUserService
FNDA:3,(anonymous_20)
DA:3,1
DA:5,1
DA:17,1
DA:20,2
DA:23,2
DA:26,3
DA:27,3
DA:29,3
DA:30,1
DA:33,2
DA:35,2
DA:41,2
DA:43,1
DA:45,1
LF:14
LH:14
BRDA:27,0,0,3
BRDA:29,1,0,1
BRDA:29,1,1,2
BRF:3
BRH:3
end_of_record
TN:
SF:src/modules/users/services/ResetPasswordService.ts
FN:16,(anonymous_18)
FN:17,ResetPasswordService
FN:27,(anonymous_20)
FNF:3
FNH:3
FNDA:1,(anonymous_18)
FNDA:4,ResetPasswordService
FNDA:4,(anonymous_20)
DA:2,1
DA:3,1
DA:5,1
DA:16,1
DA:19,4
DA:22,4
DA:25,4
DA:27,4
DA:28,4
DA:30,4
DA:31,1
DA:33,3
DA:34,3
DA:35,1
DA:38,2
DA:39,2
DA:41,2
DA:42,1
DA:44,1
DA:45,2
DA:47,1
DA:49,1
LF:22
LH:22
BRDA:28,0,0,4
BRDA:30,1,0,1
BRDA:30,1,1,3
BRDA:34,2,0,1
BRDA:34,2,1,2
BRDA:41,3,0,1
BRDA:41,3,1,1
BRF:7
BRH:7
end_of_record
TN:
SF:src/modules/users/services/SendForgotPasswordEmailService.spect.ts
FN:15,(anonymous_14)
FN:16,(anonymous_15)
FN:24,(anonymous_16)
FN:34,(anonymous_19)
FN:40,(anonymous_22)
FNF:5
FNH:0
FNDA:0,(anonymous_14)
FNDA:0,(anonymous_15)
FNDA:0,(anonymous_16)
FNDA:0,(anonymous_19)
FNDA:0,(anonymous_22)
DA:1,0
DA:5,0
DA:6,0
DA:15,0
DA:16,0
DA:17,0
DA:19,0
DA:21,0
DA:24,0
DA:25,0
DA:31,0
DA:34,0
DA:35,0
DA:40,0
DA:41,0
DA:43,0
DA:49,0
DA:51,0
LF:18
LH:0
BRDA:25,0,0,0
BRDA:35,1,0,0
BRF:2
BRH:0
end_of_record
TN:
SF:src/modules/users/services/SendForgotPasswordEmailService.ts
FN:14,(anonymous_18)
FN:15,SendForgotPasswordEmailService
FN:25,(anonymous_20)
FNF:3
FNH:0
FNDA:0,(anonymous_18)
FNDA:0,SendForgotPasswordEmailService
FNDA:0,(anonymous_20)
DA:2,0
DA:3,0
DA:6,0
DA:14,0
DA:17,0
DA:20,0
DA:23,0
DA:25,0
DA:26,0
DA:28,0
DA:29,0
DA:31,0
DA:33,0
DA:40,0
DA:55,0
DA:57,0
LF:16
LH:0
BRDA:26,0,0,0
BRDA:28,1,0,0
BRDA:28,1,1,0
BRF:3
BRH:0
end_of_record
TN:
SF:src/modules/users/services/UpdateProfileService.ts
FN:20,(anonymous_18)
FN:21,UpdateProfile
FN:29,(anonymous_20)
FNF:3
FNH:3
FNDA:1,(anonymous_18)
FNDA:6,UpdateProfile
FNDA:6,(anonymous_20)
DA:1,1
DA:10,1
DA:20,1
DA:23,6
DA:26,6
DA:29,6
DA:30,6
DA:31,6
DA:32,1
DA:35,5
DA:36,5
DA:38,5
DA:40,1
DA:42,1
LF:14
LH:14
BRDA:30,0,0,6
BRDA:31,1,0,1
BRDA:31,1,1,5
BRF:3
BRH:3
end_of_record
TN:
SF:src/modules/users/services/UpdateUserAvatarService.ts
FN:15,(anonymous_18)
FN:16,UpdateUserAvatarService
FN:23,(anonymous_20)
FNF:3
FNH:3
FNDA:1,(anonymous_18)
FNDA:3,UpdateUserAvatarService
FNDA:4,(anonymous_20)
DA:4,1
DA:7,1
DA:15,1
DA:18,3
DA:21,3
DA:23,4
DA:24,4
DA:25,4
DA:26,1
DA:29,5
DA:30,2
DA:33,3
DA:35,3
DA:36,6
DA:37,3
DA:39,1
DA:41,1
LF:17
LH:17
BRDA:24,0,0,4
BRDA:24,0,1,3
BRDA:25,1,0,1
BRDA:25,1,1,3
BRDA:29,2,0,2
BRDA:29,2,1,1
BRF:6
BRH:6
end_of_record
